{"dist/marionette.grid.js":{"path":"dist/marionette.grid.js","s":{"1":1,"2":1,"3":0,"4":0,"5":1,"6":0,"7":0,"8":0,"9":0,"10":1,"11":1,"12":1,"13":0,"14":0,"15":0,"16":0,"17":0,"18":0,"19":0,"20":0,"21":0,"22":0,"23":0,"24":0,"25":0,"26":0,"27":0,"28":0,"29":0,"30":0,"31":0,"32":0,"33":0,"34":0,"35":0,"36":1,"37":0,"38":1,"39":0,"40":0,"41":1,"42":0,"43":1,"44":0,"45":0,"46":0,"47":0,"48":0,"49":0,"50":0,"51":0,"52":1,"53":0,"54":0,"55":0,"56":0,"57":0,"58":0,"59":0,"60":0,"61":0,"62":0,"63":0,"64":0,"65":0,"66":0,"67":0,"68":0,"69":0,"70":0,"71":0,"72":0,"73":0,"74":0,"75":0,"76":0,"77":0,"78":0,"79":0,"80":0,"81":0,"82":0,"83":0,"84":0,"85":0,"86":0,"87":0,"88":0,"89":0,"90":0,"91":0,"92":0,"93":0,"94":0,"95":0,"96":0,"97":0,"98":0,"99":0,"100":0,"101":0,"102":0,"103":0,"104":0,"105":0,"106":0,"107":0,"108":0,"109":0,"110":0,"111":0,"112":0,"113":0,"114":0,"115":0,"116":0,"117":0,"118":0,"119":0,"120":0,"121":0,"122":0,"123":0,"124":0,"125":1},"b":{"1":[0,1],"2":[1,0],"3":[0,1],"4":[0,0],"5":[0,0],"6":[0,0],"7":[0,0],"8":[0,0],"9":[0,0],"10":[0,0],"11":[0,0],"12":[0,0],"13":[0,0],"14":[0,0],"15":[0,0],"16":[0,0],"17":[0,0],"18":[0,0],"19":[0,0],"20":[0,0],"21":[0,0],"22":[0,0],"23":[0,0],"24":[0,0],"25":[0,0],"26":[0,0],"27":[0,0],"28":[0,0],"29":[0,0],"30":[0,0],"31":[0,0],"32":[0,0],"33":[0,0],"34":[0,0]},"f":{"1":1,"2":0,"3":1,"4":0,"5":0,"6":0,"7":0,"8":0,"9":0,"10":0,"11":0,"12":0,"13":0,"14":0,"15":0,"16":0,"17":0,"18":0,"19":0,"20":0,"21":0,"22":0,"23":0,"24":0,"25":0,"26":0,"27":0,"28":0,"29":0,"30":0,"31":0,"32":0,"33":0,"34":0,"35":0,"36":0},"fnMap":{"1":{"name":"(anonymous_1)","line":9,"loc":{"start":{"line":9,"column":1},"end":{"line":9,"column":26}}},"2":{"name":"(anonymous_2)","line":13,"loc":{"start":{"line":13,"column":62},"end":{"line":13,"column":97}}},"3":{"name":"(anonymous_3)","line":25,"loc":{"start":{"line":25,"column":11},"end":{"line":25,"column":46}}},"4":{"name":"(anonymous_4)","line":46,"loc":{"start":{"line":46,"column":25},"end":{"line":46,"column":36}}},"5":{"name":"(anonymous_5)","line":58,"loc":{"start":{"line":58,"column":18},"end":{"line":58,"column":30}}},"6":{"name":"(anonymous_6)","line":63,"loc":{"start":{"line":63,"column":22},"end":{"line":63,"column":33}}},"7":{"name":"(anonymous_7)","line":69,"loc":{"start":{"line":69,"column":16},"end":{"line":69,"column":27}}},"8":{"name":"(anonymous_8)","line":88,"loc":{"start":{"line":88,"column":14},"end":{"line":88,"column":25}}},"9":{"name":"(anonymous_9)","line":91,"loc":{"start":{"line":91,"column":21},"end":{"line":91,"column":32}}},"10":{"name":"(anonymous_10)","line":94,"loc":{"start":{"line":94,"column":22},"end":{"line":94,"column":33}}},"11":{"name":"(anonymous_11)","line":147,"loc":{"start":{"line":147,"column":21},"end":{"line":147,"column":32}}},"12":{"name":"(anonymous_12)","line":164,"loc":{"start":{"line":164,"column":18},"end":{"line":164,"column":35}}},"13":{"name":"(anonymous_13)","line":167,"loc":{"start":{"line":167,"column":22},"end":{"line":167,"column":33}}},"14":{"name":"(anonymous_14)","line":179,"loc":{"start":{"line":179,"column":22},"end":{"line":179,"column":45}}},"15":{"name":"(anonymous_15)","line":190,"loc":{"start":{"line":190,"column":22},"end":{"line":190,"column":33}}},"16":{"name":"(anonymous_16)","line":205,"loc":{"start":{"line":205,"column":20},"end":{"line":205,"column":31}}},"17":{"name":"(anonymous_17)","line":209,"loc":{"start":{"line":209,"column":30},"end":{"line":209,"column":61}}},"18":{"name":"(anonymous_18)","line":256,"loc":{"start":{"line":256,"column":27},"end":{"line":256,"column":71}}},"19":{"name":"(anonymous_19)","line":284,"loc":{"start":{"line":284,"column":21},"end":{"line":284,"column":32}}},"20":{"name":"(anonymous_20)","line":294,"loc":{"start":{"line":294,"column":13},"end":{"line":294,"column":24}}},"21":{"name":"(anonymous_21)","line":301,"loc":{"start":{"line":301,"column":8},"end":{"line":301,"column":19}}},"22":{"name":"(anonymous_22)","line":315,"loc":{"start":{"line":315,"column":16},"end":{"line":315,"column":27}}},"23":{"name":"(anonymous_23)","line":329,"loc":{"start":{"line":329,"column":16},"end":{"line":329,"column":27}}},"24":{"name":"(anonymous_24)","line":332,"loc":{"start":{"line":332,"column":16},"end":{"line":332,"column":27}}},"25":{"name":"(anonymous_25)","line":335,"loc":{"start":{"line":335,"column":14},"end":{"line":335,"column":25}}},"26":{"name":"(anonymous_26)","line":348,"loc":{"start":{"line":348,"column":19},"end":{"line":348,"column":30}}},"27":{"name":"(anonymous_27)","line":358,"loc":{"start":{"line":358,"column":17},"end":{"line":358,"column":28}}},"28":{"name":"(anonymous_28)","line":369,"loc":{"start":{"line":369,"column":19},"end":{"line":369,"column":30}}},"29":{"name":"(anonymous_29)","line":372,"loc":{"start":{"line":372,"column":22},"end":{"line":372,"column":33}}},"30":{"name":"(anonymous_30)","line":386,"loc":{"start":{"line":386,"column":21},"end":{"line":386,"column":32}}},"31":{"name":"(anonymous_31)","line":392,"loc":{"start":{"line":392,"column":25},"end":{"line":392,"column":46}}},"32":{"name":"(anonymous_32)","line":399,"loc":{"start":{"line":399,"column":28},"end":{"line":399,"column":68}}},"33":{"name":"(anonymous_33)","line":405,"loc":{"start":{"line":405,"column":39},"end":{"line":405,"column":62}}},"34":{"name":"(anonymous_34)","line":427,"loc":{"start":{"line":427,"column":29},"end":{"line":427,"column":40}}},"35":{"name":"(anonymous_35)","line":435,"loc":{"start":{"line":435,"column":21},"end":{"line":435,"column":57}}},"36":{"name":"(anonymous_36)","line":439,"loc":{"start":{"line":439,"column":19},"end":{"line":439,"column":72}}}},"statementMap":{"1":{"start":{"line":9,"column":0},"end":{"line":450,"column":4}},"2":{"start":{"line":11,"column":2},"end":{"line":25,"column":3}},"3":{"start":{"line":13,"column":4},"end":{"line":15,"column":7}},"4":{"start":{"line":14,"column":6},"end":{"line":14,"column":62}},"5":{"start":{"line":16,"column":9},"end":{"line":25,"column":3}},"6":{"start":{"line":18,"column":4},"end":{"line":18,"column":39}},"7":{"start":{"line":19,"column":4},"end":{"line":19,"column":49}},"8":{"start":{"line":20,"column":4},"end":{"line":20,"column":52}},"9":{"start":{"line":21,"column":4},"end":{"line":21,"column":74}},"10":{"start":{"line":24,"column":4},"end":{"line":24,"column":66}},"11":{"start":{"line":29,"column":0},"end":{"line":29,"column":16}},"12":{"start":{"line":32,"column":0},"end":{"line":142,"column":3}},"13":{"start":{"line":47,"column":12},"end":{"line":50,"column":13}},"14":{"start":{"line":59,"column":12},"end":{"line":59,"column":31}},"15":{"start":{"line":60,"column":12},"end":{"line":60,"column":39}},"16":{"start":{"line":64,"column":8},"end":{"line":67,"column":9}},"17":{"start":{"line":70,"column":8},"end":{"line":79,"column":11}},"18":{"start":{"line":81,"column":8},"end":{"line":81,"column":67}},"19":{"start":{"line":82,"column":8},"end":{"line":82,"column":75}},"20":{"start":{"line":83,"column":8},"end":{"line":83,"column":78}},"21":{"start":{"line":84,"column":8},"end":{"line":84,"column":77}},"22":{"start":{"line":86,"column":8},"end":{"line":86,"column":32}},"23":{"start":{"line":89,"column":8},"end":{"line":89,"column":64}},"24":{"start":{"line":92,"column":8},"end":{"line":92,"column":75}},"25":{"start":{"line":95,"column":8},"end":{"line":95,"column":47}},"26":{"start":{"line":96,"column":8},"end":{"line":96,"column":37}},"27":{"start":{"line":98,"column":8},"end":{"line":98,"column":40}},"28":{"start":{"line":99,"column":8},"end":{"line":99,"column":38}},"29":{"start":{"line":100,"column":8},"end":{"line":100,"column":64}},"30":{"start":{"line":101,"column":8},"end":{"line":101,"column":71}},"31":{"start":{"line":102,"column":8},"end":{"line":102,"column":60}},"32":{"start":{"line":104,"column":8},"end":{"line":104,"column":51}},"33":{"start":{"line":105,"column":8},"end":{"line":105,"column":57}},"34":{"start":{"line":107,"column":8},"end":{"line":137,"column":11}},"35":{"start":{"line":139,"column":8},"end":{"line":139,"column":37}},"36":{"start":{"line":144,"column":0},"end":{"line":158,"column":3}},"37":{"start":{"line":148,"column":8},"end":{"line":150,"column":9}},"38":{"start":{"line":160,"column":0},"end":{"line":172,"column":3}},"39":{"start":{"line":165,"column":8},"end":{"line":165,"column":46}},"40":{"start":{"line":168,"column":8},"end":{"line":170,"column":9}},"41":{"start":{"line":174,"column":0},"end":{"line":184,"column":3}},"42":{"start":{"line":180,"column":8},"end":{"line":182,"column":9}},"43":{"start":{"line":186,"column":0},"end":{"line":221,"column":3}},"44":{"start":{"line":191,"column":8},"end":{"line":194,"column":10}},"45":{"start":{"line":206,"column":12},"end":{"line":206,"column":77}},"46":{"start":{"line":207,"column":12},"end":{"line":207,"column":79}},"47":{"start":{"line":210,"column":12},"end":{"line":218,"column":13}},"48":{"start":{"line":211,"column":16},"end":{"line":211,"column":60}},"49":{"start":{"line":212,"column":19},"end":{"line":218,"column":13}},"50":{"start":{"line":213,"column":16},"end":{"line":213,"column":61}},"51":{"start":{"line":215,"column":16},"end":{"line":217,"column":59}},"52":{"start":{"line":236,"column":0},"end":{"line":448,"column":3}},"53":{"start":{"line":257,"column":12},"end":{"line":257,"column":21}},"54":{"start":{"line":258,"column":12},"end":{"line":264,"column":13}},"55":{"start":{"line":259,"column":16},"end":{"line":259,"column":39}},"56":{"start":{"line":260,"column":16},"end":{"line":260,"column":39}},"57":{"start":{"line":262,"column":16},"end":{"line":262,"column":39}},"58":{"start":{"line":263,"column":16},"end":{"line":263,"column":39}},"59":{"start":{"line":265,"column":12},"end":{"line":267,"column":26}},"60":{"start":{"line":265,"column":23},"end":{"line":265,"column":33}},"61":{"start":{"line":266,"column":17},"end":{"line":267,"column":26}},"62":{"start":{"line":266,"column":28},"end":{"line":266,"column":37}},"63":{"start":{"line":267,"column":17},"end":{"line":267,"column":26}},"64":{"start":{"line":285,"column":8},"end":{"line":292,"column":9}},"65":{"start":{"line":295,"column":8},"end":{"line":299,"column":10}},"66":{"start":{"line":302,"column":8},"end":{"line":305,"column":10}},"67":{"start":{"line":317,"column":8},"end":{"line":327,"column":11}},"68":{"start":{"line":330,"column":8},"end":{"line":330,"column":31}},"69":{"start":{"line":333,"column":8},"end":{"line":333,"column":31}},"70":{"start":{"line":336,"column":8},"end":{"line":336,"column":46}},"71":{"start":{"line":337,"column":8},"end":{"line":337,"column":57}},"72":{"start":{"line":339,"column":8},"end":{"line":339,"column":42}},"73":{"start":{"line":340,"column":8},"end":{"line":340,"column":26}},"74":{"start":{"line":342,"column":8},"end":{"line":342,"column":46}},"75":{"start":{"line":343,"column":8},"end":{"line":343,"column":57}},"76":{"start":{"line":345,"column":8},"end":{"line":345,"column":52}},"77":{"start":{"line":346,"column":8},"end":{"line":346,"column":66}},"78":{"start":{"line":349,"column":8},"end":{"line":355,"column":9}},"79":{"start":{"line":350,"column":12},"end":{"line":354,"column":15}},"80":{"start":{"line":356,"column":8},"end":{"line":356,"column":33}},"81":{"start":{"line":359,"column":8},"end":{"line":366,"column":9}},"82":{"start":{"line":360,"column":12},"end":{"line":364,"column":15}},"83":{"start":{"line":365,"column":12},"end":{"line":365,"column":69}},"84":{"start":{"line":367,"column":8},"end":{"line":367,"column":30}},"85":{"start":{"line":373,"column":8},"end":{"line":382,"column":9}},"86":{"start":{"line":374,"column":12},"end":{"line":381,"column":13}},"87":{"start":{"line":375,"column":16},"end":{"line":380,"column":19}},"88":{"start":{"line":383,"column":8},"end":{"line":383,"column":35}},"89":{"start":{"line":387,"column":8},"end":{"line":390,"column":9}},"90":{"start":{"line":388,"column":12},"end":{"line":388,"column":47}},"91":{"start":{"line":389,"column":12},"end":{"line":389,"column":37}},"92":{"start":{"line":393,"column":8},"end":{"line":397,"column":9}},"93":{"start":{"line":394,"column":12},"end":{"line":394,"column":30}},"94":{"start":{"line":395,"column":15},"end":{"line":397,"column":9}},"95":{"start":{"line":396,"column":12},"end":{"line":396,"column":30}},"96":{"start":{"line":400,"column":8},"end":{"line":400,"column":44}},"97":{"start":{"line":401,"column":8},"end":{"line":401,"column":43}},"98":{"start":{"line":402,"column":8},"end":{"line":402,"column":76}},"99":{"start":{"line":403,"column":8},"end":{"line":403,"column":50}},"100":{"start":{"line":405,"column":8},"end":{"line":407,"column":11}},"101":{"start":{"line":406,"column":12},"end":{"line":406,"column":41}},"102":{"start":{"line":408,"column":8},"end":{"line":408,"column":43}},"103":{"start":{"line":410,"column":8},"end":{"line":410,"column":50}},"104":{"start":{"line":411,"column":8},"end":{"line":416,"column":9}},"105":{"start":{"line":412,"column":12},"end":{"line":412,"column":61}},"106":{"start":{"line":413,"column":12},"end":{"line":413,"column":69}},"107":{"start":{"line":415,"column":12},"end":{"line":415,"column":58}},"108":{"start":{"line":418,"column":8},"end":{"line":433,"column":9}},"109":{"start":{"line":419,"column":12},"end":{"line":419,"column":57}},"110":{"start":{"line":420,"column":12},"end":{"line":429,"column":13}},"111":{"start":{"line":421,"column":16},"end":{"line":421,"column":71}},"112":{"start":{"line":422,"column":16},"end":{"line":422,"column":54}},"113":{"start":{"line":424,"column":16},"end":{"line":424,"column":54}},"114":{"start":{"line":425,"column":16},"end":{"line":428,"column":19}},"115":{"start":{"line":431,"column":12},"end":{"line":431,"column":52}},"116":{"start":{"line":432,"column":12},"end":{"line":432,"column":35}},"117":{"start":{"line":436,"column":8},"end":{"line":436,"column":51}},"118":{"start":{"line":437,"column":8},"end":{"line":437,"column":38}},"119":{"start":{"line":440,"column":8},"end":{"line":440,"column":67}},"120":{"start":{"line":441,"column":8},"end":{"line":441,"column":81}},"121":{"start":{"line":442,"column":8},"end":{"line":446,"column":9}},"122":{"start":{"line":443,"column":12},"end":{"line":443,"column":45}},"123":{"start":{"line":444,"column":15},"end":{"line":446,"column":9}},"124":{"start":{"line":445,"column":12},"end":{"line":445,"column":51}},"125":{"start":{"line":449,"column":2},"end":{"line":449,"column":16}}},"branchMap":{"1":{"line":11,"type":"if","locations":[{"start":{"line":11,"column":2},"end":{"line":11,"column":2}},{"start":{"line":11,"column":2},"end":{"line":11,"column":2}}]},"2":{"line":11,"type":"binary-expr","locations":[{"start":{"line":11,"column":6},"end":{"line":11,"column":34}},{"start":{"line":11,"column":38},"end":{"line":11,"column":48}}]},"3":{"line":16,"type":"if","locations":[{"start":{"line":16,"column":9},"end":{"line":16,"column":9}},{"start":{"line":16,"column":9},"end":{"line":16,"column":9}}]},"4":{"line":19,"type":"binary-expr","locations":[{"start":{"line":19,"column":17},"end":{"line":19,"column":27}},{"start":{"line":19,"column":31},"end":{"line":19,"column":48}}]},"5":{"line":92,"type":"binary-expr","locations":[{"start":{"line":92,"column":8},"end":{"line":92,"column":29}},{"start":{"line":92,"column":33},"end":{"line":92,"column":74}}]},"6":{"line":100,"type":"cond-expr","locations":[{"start":{"line":100,"column":43},"end":{"line":100,"column":51}},{"start":{"line":100,"column":54},"end":{"line":100,"column":62}}]},"7":{"line":102,"type":"cond-expr","locations":[{"start":{"line":102,"column":34},"end":{"line":102,"column":45}},{"start":{"line":102,"column":48},"end":{"line":102,"column":59}}]},"8":{"line":165,"type":"binary-expr","locations":[{"start":{"line":165,"column":15},"end":{"line":165,"column":33}},{"start":{"line":165,"column":37},"end":{"line":165,"column":45}}]},"9":{"line":210,"type":"if","locations":[{"start":{"line":210,"column":12},"end":{"line":210,"column":12}},{"start":{"line":210,"column":12},"end":{"line":210,"column":12}}]},"10":{"line":212,"type":"if","locations":[{"start":{"line":212,"column":19},"end":{"line":212,"column":19}},{"start":{"line":212,"column":19},"end":{"line":212,"column":19}}]},"11":{"line":258,"type":"if","locations":[{"start":{"line":258,"column":12},"end":{"line":258,"column":12}},{"start":{"line":258,"column":12},"end":{"line":258,"column":12}}]},"12":{"line":265,"type":"if","locations":[{"start":{"line":265,"column":12},"end":{"line":265,"column":12}},{"start":{"line":265,"column":12},"end":{"line":265,"column":12}}]},"13":{"line":266,"type":"if","locations":[{"start":{"line":266,"column":17},"end":{"line":266,"column":17}},{"start":{"line":266,"column":17},"end":{"line":266,"column":17}}]},"14":{"line":337,"type":"binary-expr","locations":[{"start":{"line":337,"column":8},"end":{"line":337,"column":18}},{"start":{"line":337,"column":22},"end":{"line":337,"column":56}}]},"15":{"line":343,"type":"binary-expr","locations":[{"start":{"line":343,"column":8},"end":{"line":343,"column":18}},{"start":{"line":343,"column":22},"end":{"line":343,"column":56}}]},"16":{"line":346,"type":"binary-expr","locations":[{"start":{"line":346,"column":8},"end":{"line":346,"column":21}},{"start":{"line":346,"column":25},"end":{"line":346,"column":65}}]},"17":{"line":349,"type":"if","locations":[{"start":{"line":349,"column":8},"end":{"line":349,"column":8}},{"start":{"line":349,"column":8},"end":{"line":349,"column":8}}]},"18":{"line":359,"type":"if","locations":[{"start":{"line":359,"column":8},"end":{"line":359,"column":8}},{"start":{"line":359,"column":8},"end":{"line":359,"column":8}}]},"19":{"line":373,"type":"if","locations":[{"start":{"line":373,"column":8},"end":{"line":373,"column":8}},{"start":{"line":373,"column":8},"end":{"line":373,"column":8}}]},"20":{"line":374,"type":"if","locations":[{"start":{"line":374,"column":12},"end":{"line":374,"column":12}},{"start":{"line":374,"column":12},"end":{"line":374,"column":12}}]},"21":{"line":374,"type":"binary-expr","locations":[{"start":{"line":374,"column":16},"end":{"line":374,"column":43}},{"start":{"line":374,"column":47},"end":{"line":374,"column":101}}]},"22":{"line":387,"type":"if","locations":[{"start":{"line":387,"column":8},"end":{"line":387,"column":8}},{"start":{"line":387,"column":8},"end":{"line":387,"column":8}}]},"23":{"line":393,"type":"if","locations":[{"start":{"line":393,"column":8},"end":{"line":393,"column":8}},{"start":{"line":393,"column":8},"end":{"line":393,"column":8}}]},"24":{"line":393,"type":"binary-expr","locations":[{"start":{"line":393,"column":12},"end":{"line":393,"column":35}},{"start":{"line":393,"column":39},"end":{"line":393,"column":67}}]},"25":{"line":395,"type":"if","locations":[{"start":{"line":395,"column":15},"end":{"line":395,"column":15}},{"start":{"line":395,"column":15},"end":{"line":395,"column":15}}]},"26":{"line":395,"type":"binary-expr","locations":[{"start":{"line":395,"column":19},"end":{"line":395,"column":39}},{"start":{"line":395,"column":43},"end":{"line":395,"column":64}}]},"27":{"line":402,"type":"cond-expr","locations":[{"start":{"line":402,"column":61},"end":{"line":402,"column":67}},{"start":{"line":402,"column":70},"end":{"line":402,"column":75}}]},"28":{"line":403,"type":"cond-expr","locations":[{"start":{"line":403,"column":43},"end":{"line":403,"column":45}},{"start":{"line":403,"column":48},"end":{"line":403,"column":49}}]},"29":{"line":411,"type":"if","locations":[{"start":{"line":411,"column":8},"end":{"line":411,"column":8}},{"start":{"line":411,"column":8},"end":{"line":411,"column":8}}]},"30":{"line":418,"type":"if","locations":[{"start":{"line":418,"column":8},"end":{"line":418,"column":8}},{"start":{"line":418,"column":8},"end":{"line":418,"column":8}}]},"31":{"line":420,"type":"if","locations":[{"start":{"line":420,"column":12},"end":{"line":420,"column":12}},{"start":{"line":420,"column":12},"end":{"line":420,"column":12}}]},"32":{"line":441,"type":"binary-expr","locations":[{"start":{"line":441,"column":27},"end":{"line":441,"column":55}},{"start":{"line":441,"column":59},"end":{"line":441,"column":61}}]},"33":{"line":442,"type":"if","locations":[{"start":{"line":442,"column":8},"end":{"line":442,"column":8}},{"start":{"line":442,"column":8},"end":{"line":442,"column":8}}]},"34":{"line":444,"type":"if","locations":[{"start":{"line":444,"column":15},"end":{"line":444,"column":15}},{"start":{"line":444,"column":15},"end":{"line":444,"column":15}}]}}}}