{"dist/marionette.grid.js":{"path":"dist/marionette.grid.js","s":{"1":1,"2":1,"3":0,"4":0,"5":1,"6":0,"7":0,"8":0,"9":0,"10":1,"11":1,"12":1,"13":1,"14":1},"b":{"1":[0,1],"2":[1,0],"3":[0,1],"4":[0,0]},"f":{"1":1,"2":0,"3":1,"4":1},"fnMap":{"1":{"name":"(anonymous_1)","line":9,"loc":{"start":{"line":9,"column":1},"end":{"line":9,"column":26}}},"2":{"name":"(anonymous_2)","line":13,"loc":{"start":{"line":13,"column":62},"end":{"line":13,"column":97}}},"3":{"name":"(anonymous_3)","line":25,"loc":{"start":{"line":25,"column":11},"end":{"line":25,"column":46}}},"4":{"name":"(anonymous_4)","line":32,"loc":{"start":{"line":32,"column":14},"end":{"line":32,"column":25}}}},"statementMap":{"1":{"start":{"line":9,"column":0},"end":{"line":36,"column":4}},"2":{"start":{"line":11,"column":2},"end":{"line":25,"column":3}},"3":{"start":{"line":13,"column":4},"end":{"line":15,"column":7}},"4":{"start":{"line":14,"column":6},"end":{"line":14,"column":62}},"5":{"start":{"line":16,"column":9},"end":{"line":25,"column":3}},"6":{"start":{"line":18,"column":4},"end":{"line":18,"column":39}},"7":{"start":{"line":19,"column":4},"end":{"line":19,"column":49}},"8":{"start":{"line":20,"column":4},"end":{"line":20,"column":52}},"9":{"start":{"line":21,"column":4},"end":{"line":21,"column":74}},"10":{"start":{"line":24,"column":4},"end":{"line":24,"column":66}},"11":{"start":{"line":29,"column":0},"end":{"line":30,"column":2}},"12":{"start":{"line":32,"column":0},"end":{"line":34,"column":1}},"13":{"start":{"line":33,"column":4},"end":{"line":33,"column":21}},"14":{"start":{"line":35,"column":2},"end":{"line":35,"column":16}}},"branchMap":{"1":{"line":11,"type":"if","locations":[{"start":{"line":11,"column":2},"end":{"line":11,"column":2}},{"start":{"line":11,"column":2},"end":{"line":11,"column":2}}]},"2":{"line":11,"type":"binary-expr","locations":[{"start":{"line":11,"column":6},"end":{"line":11,"column":34}},{"start":{"line":11,"column":38},"end":{"line":11,"column":48}}]},"3":{"line":16,"type":"if","locations":[{"start":{"line":16,"column":9},"end":{"line":16,"column":9}},{"start":{"line":16,"column":9},"end":{"line":16,"column":9}}]},"4":{"line":19,"type":"binary-expr","locations":[{"start":{"line":19,"column":17},"end":{"line":19,"column":27}},{"start":{"line":19,"column":31},"end":{"line":19,"column":48}}]}}}}